#
# There is insufficient memory for the Java Runtime Environment to continue.
# Native memory allocation (mmap) failed to map 257949696 bytes for G1 virtual space
# Possible reasons:
#   The system is out of physical RAM or swap space
#   The process is running with CompressedOops enabled, and the Java Heap may be blocking the growth of the native heap
# Possible solutions:
#   Reduce memory load on the system
#   Increase physical memory or swap space
#   Check if swap backing store is full
#   Decrease Java heap size (-Xmx/-Xms)
#   Decrease number of Java threads
#   Decrease Java thread stack sizes (-Xss)
#   Set larger code cache with -XX:ReservedCodeCacheSize=
#   JVM is running with Zero Based Compressed Oops mode in which the Java heap is
#     placed in the first 32GB address space. The Java Heap base address is the
#     maximum limit for the native heap growth. Please use -XX:HeapBaseMinAddress
#     to set the Java Heap base and to place the Java Heap above 32GB virtual address.
# This output file may be truncated or incomplete.
#
#  Out of Memory Error (os_windows.cpp:3548), pid=12216, tid=21548
#
# JRE version:  (17.0.11+7) (build )
# Java VM: Java HotSpot(TM) 64-Bit Server VM (17.0.11+7-LTS-207, mixed mode, emulated-client, sharing, tiered, compressed oops, compressed class ptrs, g1 gc, windows-amd64)
# No core dump will be written. Minidumps are not enabled by default on client versions of Windows
#

---------------  S U M M A R Y ------------

Command Line: -XX:TieredStopAtLevel=1 -Dspring.output.ansi.enabled=always -Dcom.sun.management.jmxremote -Dspring.jmx.enabled=true -Dspring.liveBeansView.mbeanDomain -Dspring.application.admin.enabled=true -javaagent:D:\IntelliJ IDEA 2022.2.3\lib\idea_rt.jar=6741:D:\IntelliJ IDEA 2022.2.3\bin -Dfile.encoding=UTF-8 com.example.backend.BackendApplication

Host: AMD Ryzen 5 5500U with Radeon Graphics         , 12 cores, 15G,  Windows 11 , 64 bit Build 22621 (10.0.22621.4974)
Time: Fri Mar 21 17:31:37 2025  Windows 11 , 64 bit Build 22621 (10.0.22621.4974) elapsed time: 0.026983 seconds (0d 0h 0m 0s)

---------------  T H R E A D  ---------------

Current thread (0x000001acc8719760):  JavaThread "Unknown thread" [_thread_in_vm, id=21548, stack(0x0000000c00a00000,0x0000000c00b00000)]

Stack: [0x0000000c00a00000,0x0000000c00b00000]
Native frames: (J=compiled Java code, j=interpreted, Vv=VM code, C=native code)
V  [jvm.dll+0x679cca]
V  [jvm.dll+0x7da13d]
V  [jvm.dll+0x7dba83]
V  [jvm.dll+0x7dc0f3]
V  [jvm.dll+0x2449af]
V  [jvm.dll+0x676ce9]
V  [jvm.dll+0x66b852]
V  [jvm.dll+0x3018d6]
V  [jvm.dll+0x308e76]
V  [jvm.dll+0x3596ee]
V  [jvm.dll+0x35991f]
V  [jvm.dll+0x2d89a8]
V  [jvm.dll+0x2d9914]
V  [jvm.dll+0x7ac6b1]
V  [jvm.dll+0x366f61]
V  [jvm.dll+0x78b609]
V  [jvm.dll+0x3ec22f]
V  [jvm.dll+0x3ede61]
C  [jli.dll+0x5297]
C  [ucrtbase.dll+0x29333]
C  [KERNEL32.DLL+0x1259d]
C  [ntdll.dll+0x5af38]


---------------  P R O C E S S  ---------------

Threads class SMR info:
_java_thread_list=0x00007ffc9ed87a18, length=0, elements={
}

Java Threads: ( => current thread )

Other Threads:
  0x000001acc8787a30 GCTaskThread "GC Thread#0" [stack: 0x0000000c00b00000,0x0000000c00c00000] [id=4584]
  0x000001acc8797d10 ConcurrentGCThread "G1 Main Marker" [stack: 0x0000000c00c00000,0x0000000c00d00000] [id=30672]
  0x000001acc8798530 ConcurrentGCThread "G1 Conc#0" [stack: 0x0000000c00d00000,0x0000000c00e00000] [id=24448]

[error occurred during error reporting (printing all threads), id 0xc0000005, EXCEPTION_ACCESS_VIOLATION (0xc0000005) at pc=0x00007ffc9e5b9497]

VM state: not at safepoint (not fully initialized)

VM Mutex/Monitor currently owned by a thread:  ([mutex/lock_event])
[0x000001acc87151f0] Heap_lock - owner thread: 0x000001acc8719760

Heap address: 0x000000070a800000, size: 3928 MB, Compressed Oops mode: Zero based, Oop shift amount: 3

CDS archive(s) mapped at: [0x0000000000000000-0x0000000000000000-0x0000000000000000), size 0, SharedBaseAddress: 0x0000000800000000, ArchiveRelocationMode: 1.
Narrow klass base: 0x0000000000000000, Narrow klass shift: 0, Narrow klass range: 0x0

GC Precious Log:
<Empty>

Heap:
 garbage-first heap   total 0K, used 0K [0x000000070a800000, 0x0000000800000000)
  region size 2048K, 0 young (0K), 0 survivors (0K)

[error occurred during error reporting (printing heap information), id 0xc0000005, EXCEPTION_ACCESS_VIOLATION (0xc0000005) at pc=0x00007ffc9e9a3559]

GC Heap History (0 events):
No events

Deoptimization events (0 events):
No events

Classes unloaded (0 events):
No events

Classes redefined (0 events):
No events

Internal exceptions (0 events):
No events

VM Operations (0 events):
No events

Events (1 events):
Event: 0.015 Loaded shared library C:\Java\jdk-17\bin\java.dll


Dynamic libraries:
0x00007ff6acbe0000 - 0x00007ff6acbf0000 	C:\Java\jdk-17\bin\java.exe
0x00007ffd2bfb0000 - 0x00007ffd2c1c7000 	C:\WINDOWS\SYSTEM32\ntdll.dll
0x00007ffd2ab90000 - 0x00007ffd2ac54000 	C:\WINDOWS\System32\KERNEL32.DLL
0x00007ffd290f0000 - 0x00007ffd294c1000 	C:\WINDOWS\System32\KERNELBASE.dll
0x00007ffd29610000 - 0x00007ffd29721000 	C:\WINDOWS\System32\ucrtbase.dll
0x00007ffd07650000 - 0x00007ffd0766b000 	C:\Java\jdk-17\bin\VCRUNTIME140.dll
0x00007ffd08330000 - 0x00007ffd08349000 	C:\Java\jdk-17\bin\jli.dll
0x00007ffd2b630000 - 0x00007ffd2b6e1000 	C:\WINDOWS\System32\ADVAPI32.dll
0x00007ffd2b580000 - 0x00007ffd2b627000 	C:\WINDOWS\System32\msvcrt.dll
0x00007ffd29fe0000 - 0x00007ffd2a087000 	C:\WINDOWS\System32\sechost.dll
0x00007ffd29850000 - 0x00007ffd29878000 	C:\WINDOWS\System32\bcrypt.dll
0x00007ffd2aa70000 - 0x00007ffd2ab84000 	C:\WINDOWS\System32\RPCRT4.dll
0x00007ffd2bcc0000 - 0x00007ffd2be71000 	C:\WINDOWS\System32\USER32.dll
0x00007ffd12e80000 - 0x00007ffd13112000 	C:\WINDOWS\WinSxS\amd64_microsoft.windows.common-controls_6595b64144ccf1df_6.0.22621.4830_none_270fe7d773858e80\COMCTL32.dll
0x00007ffd29880000 - 0x00007ffd298a6000 	C:\WINDOWS\System32\win32u.dll
0x00007ffd2a090000 - 0x00007ffd2a0b9000 	C:\WINDOWS\System32\GDI32.dll
0x00007ffd29730000 - 0x00007ffd2984b000 	C:\WINDOWS\System32\gdi32full.dll
0x00007ffd29a20000 - 0x00007ffd29aba000 	C:\WINDOWS\System32\msvcp_win.dll
0x00007ffd20c80000 - 0x00007ffd20c8a000 	C:\WINDOWS\SYSTEM32\VERSION.dll
0x00007ffd29fa0000 - 0x00007ffd29fd1000 	C:\WINDOWS\System32\IMM32.DLL
0x00007ffd19590000 - 0x00007ffd1959c000 	C:\Java\jdk-17\bin\vcruntime140_1.dll
0x00007ffcd0c50000 - 0x00007ffcd0cde000 	C:\Java\jdk-17\bin\msvcp140.dll
0x00007ffc9e2d0000 - 0x00007ffc9eeb0000 	C:\Java\jdk-17\bin\server\jvm.dll
0x00007ffd2b870000 - 0x00007ffd2b878000 	C:\WINDOWS\System32\PSAPI.DLL
0x00007ffd23610000 - 0x00007ffd23644000 	C:\WINDOWS\SYSTEM32\WINMM.dll
0x00007ffd25430000 - 0x00007ffd25439000 	C:\WINDOWS\SYSTEM32\WSOCK32.dll
0x00007ffd2b890000 - 0x00007ffd2b901000 	C:\WINDOWS\System32\WS2_32.dll
0x00007ffd28140000 - 0x00007ffd28158000 	C:\WINDOWS\SYSTEM32\kernel.appcore.dll
0x00007ffd19560000 - 0x00007ffd1956a000 	C:\Java\jdk-17\bin\jimage.dll
0x00007ffd268b0000 - 0x00007ffd26ae2000 	C:\WINDOWS\SYSTEM32\DBGHELP.DLL
0x00007ffd2ac60000 - 0x00007ffd2aff0000 	C:\WINDOWS\System32\combase.dll
0x00007ffd2b9d0000 - 0x00007ffd2baa7000 	C:\WINDOWS\System32\OLEAUT32.dll
0x00007ffd0ff60000 - 0x00007ffd0ff92000 	C:\WINDOWS\SYSTEM32\dbgcore.DLL
0x00007ffd29c00000 - 0x00007ffd29c7b000 	C:\WINDOWS\System32\bcryptPrimitives.dll
0x00007ffd10e30000 - 0x00007ffd10e3e000 	C:\Java\jdk-17\bin\instrument.dll
0x00007ffcfbf60000 - 0x00007ffcfbf85000 	C:\Java\jdk-17\bin\java.dll

dbghelp: loaded successfully - version: 4.0.5 - missing functions: none
symbol engine: initialized successfully - sym options: 0x614 - pdb path: .;C:\Java\jdk-17\bin;C:\WINDOWS\SYSTEM32;C:\WINDOWS\WinSxS\amd64_microsoft.windows.common-controls_6595b64144ccf1df_6.0.22621.4830_none_270fe7d773858e80;C:\Java\jdk-17\bin\server

VM Arguments:
jvm_args: -XX:TieredStopAtLevel=1 -Dspring.output.ansi.enabled=always -Dcom.sun.management.jmxremote -Dspring.jmx.enabled=true -Dspring.liveBeansView.mbeanDomain -Dspring.application.admin.enabled=true -javaagent:D:\IntelliJ IDEA 2022.2.3\lib\idea_rt.jar=6741:D:\IntelliJ IDEA 2022.2.3\bin -Dfile.encoding=UTF-8 
java_command: com.example.backend.BackendApplication
java_class_path (initial): D:\college\±œ“µ…Ëº∆\image-sr-system\backend\target\classes;C:\Users\Nico Yang\.m2\repository\org\springframework\boot\spring-boot-starter\3.4.4\spring-boot-starter-3.4.4.jar;C:\Users\Nico Yang\.m2\repository\org\springframework\boot\spring-boot\3.4.4\spring-boot-3.4.4.jar;C:\Users\Nico Yang\.m2\repository\org\springframework\spring-context\6.2.5\spring-context-6.2.5.jar;C:\Users\Nico Yang\.m2\repository\org\springframework\spring-aop\6.2.5\spring-aop-6.2.5.jar;C:\Users\Nico Yang\.m2\repository\org\springframework\spring-beans\6.2.5\spring-beans-6.2.5.jar;C:\Users\Nico Yang\.m2\repository\org\springframework\spring-expression\6.2.5\spring-expression-6.2.5.jar;C:\Users\Nico Yang\.m2\repository\io\micrometer\micrometer-observation\1.14.5\micrometer-observation-1.14.5.jar;C:\Users\Nico Yang\.m2\repository\io\micrometer\micrometer-commons\1.14.5\micrometer-commons-1.14.5.jar;C:\Users\Nico Yang\.m2\repository\org\springframework\boot\spring-boot-autoconfigure\3.4.4\spring-boot-autoconfigure-3.4.4.jar;C:\Users\Nico Yang\.m2\repository\org\springframework\boot\spring-boot-starter-logging\3.4.4\spring-boot-starter-logging-3.4.4.jar;C:\Users\Nico Yang\.m2\repository\ch\qos\logback\logback-classic\1.5.18\logback-classic-1.5.18.jar;C:\Users\Nico Yang\.m2\repository\ch\qos\logback\logback-core\1.5.18\logback-core-1.5.18.jar;C:\Users\Nico Yang\.m2\repository\org\apache\logging\log4j\log4j-to-slf4j\2.24.3\log4j-to-slf4j-2.24.3.jar;C:\Users\Nico Yang\.m2\repository\org\apache\logging\log4j\log4j-api\2.24.3\log4j-api-2.24.3.jar;C:\Users\Nico Yang\.m2\repository\org\slf4j\jul-to-slf4j\2.0.17\jul-to-slf4j-2.0.17.jar;C:\Users\Nico Yang\.m2\repository\jakarta\annotation\jakarta.annotation-api\2.1.1\jakarta.annotation-api-2.1.1.jar;C:\Users\Nico Yang\.m2\repository\org\springframework\spring-core\6.2.5\spring-core-6.2.5.jar;C:\Users\Nico Yang\.m2\repository\org\springframework\spring-jcl\6.2.5\spring-jcl-6.2.5.jar;C:\Users\Nico Yang\.m2\repository\org\yaml\sn
Launcher Type: SUN_STANDARD

[Global flags]
     intx CICompilerCount                          = 4                                         {product} {ergonomic}
     uint ConcGCThreads                            = 3                                         {product} {ergonomic}
     uint G1ConcRefinementThreads                  = 10                                        {product} {ergonomic}
   size_t G1HeapRegionSize                         = 2097152                                   {product} {ergonomic}
    uintx GCDrainStackTargetSize                   = 64                                        {product} {ergonomic}
   size_t InitialHeapSize                          = 257949696                                 {product} {ergonomic}
     bool ManagementServer                         = true                                      {product} {command line}
   size_t MarkStackSize                            = 4194304                                   {product} {ergonomic}
   size_t MaxHeapSize                              = 4118806528                                {product} {ergonomic}
   size_t MinHeapDeltaBytes                        = 2097152                                   {product} {ergonomic}
   size_t MinHeapSize                              = 8388608                                   {product} {ergonomic}
    uintx NonProfiledCodeHeapSize                  = 0                                      {pd product} {ergonomic}
     bool ProfileInterpreter                       = false                                  {pd product} {command line}
    uintx ProfiledCodeHeapSize                     = 0                                      {pd product} {ergonomic}
   size_t SoftMaxHeapSize                          = 4118806528                             {manageable} {ergonomic}
     intx TieredStopAtLevel                        = 1                                         {product} {command line}
     bool UseCompressedClassPointers               = true                           {product lp64_product} {ergonomic}
     bool UseCompressedOops                        = true                           {product lp64_product} {ergonomic}
     bool UseG1GC                                  = true                                      {product} {ergonomic}
     bool UseLargePagesIndividualAllocation        = false                                  {pd product} {ergonomic}

Logging:
Log output configuration:
 #0: stdout all=warning uptime,level,tags
 #1: stderr all=off uptime,level,tags

Environment Variables:
JAVA_HOME=C:\Java\jdk-17
PATH=C:\Java\jdk-17\bin;D:\Python\Anaconda;D:\Python\Anaconda\Library\mingw-w64\bin;D:\Python\Anaconda\Library\usr\bin;D:\Python\Anaconda\Library\bin;D:\Python\Anaconda\Scripts;C:\Program Files\MySQL\MySQL Server 5.6\bin;C:\Program Files (x86)\VMware\VMware Workstation\bin\;C:\Windows\system32;C:\Windows;C:\Windows\System32\Wbem;C:\Windows\System32\WindowsPowerShell\v1.0\;C:\Windows\System32\OpenSSH\;C:\Program Files (x86)\Common Files\Propellerhead Software\ReWire\;C:\Program Files\Common Files\Propellerhead Software\ReWire\;C:\Program Files (x86)\NVIDIA Corporation\PhysX\Common;C:\Program Files\dotnet\;C:\Program Files\MATLAB\R2019a\bin;D:\MATLAB R2017a\runtime\win64;D:\MATLAB R2017a\bin;C:\WINDOWS\system32;C:\WINDOWS;C:\WINDOWS\System32\Wbem;C:\WINDOWS\System32\WindowsPowerShell\v1.0\;C:\WINDOWS\System32\OpenSSH\;C:\Program Files (x86)\MySQL\MySQL Fabric 1.5.4 & MySQL Utilities 1.5.4 1.5\;C:\Program Files (x86)\MySQL\MySQL Fabric 1.5.4 & MySQL Utilities 1.5.4 1.5\Doctrine extensions for PHP\;C:\Program Files\nodejs\;C:\Program Files (x86)\Microsoft SQL Server\160\Tools\Binn\;C:\Program Files\Microsoft SQL Server\160\Tools\Binn\;C:\Program Files\Microsoft SQL Server\Client SDK\ODBC\170\Tools\Binn\;C:\Program Files\Microsoft SQL Server\160\DTS\Binn\;C:\Program Files\Azure Data Studio\bin;C:\Pro;ram Files\Bandizip\;D:\git\Git\bin;C:\Users\Nico Yang\AppData\Local\Microsoft\WindowsApps;C:\Users\Nico Yang\AppData\Local\Programs\Microsoft VS Code\bin;C:\Users\Nico Yang\AppData\Roaming\npm;C:\AppServ\Apache24\bin;C:\AppServ\php7;C:\AppServ\MySQL\bin;D:\Python\PYCharm\PyCharm Community Edition 2022.3.2\bin;;C:\Program Files\Azure Data Studio\bin;D:\java\apache-maven-3.9.1\bin;;D:\Pycharm_professional\PyCharm 2023.2.1\bin;;D:\IntelliJ IDEA 2022.2.3\bin;
USERNAME=Nico Yang
OS=Windows_NT
PROCESSOR_IDENTIFIER=AMD64 Family 23 Model 104 Stepping 1, AuthenticAMD



---------------  S Y S T E M  ---------------

OS:
 Windows 11 , 64 bit Build 22621 (10.0.22621.4974)
OS uptime: 4 days 0:48 hours

CPU: total 12 (initial active 12) (12 cores per cpu, 2 threads per core) family 23 model 104 stepping 1 microcode 0x0, cx8, cmov, fxsr, ht, mmx, 3dnowpref, sse, sse2, sse3, ssse3, sse4a, sse4.1, sse4.2, popcnt, lzcnt, tsc, tscinvbit, avx, avx2, aes, clmul, bmi1, bmi2, adx, sha, fma, vzeroupper, clflush, clflushopt

Memory: 4k page, system-wide physical 15706M (1128M free)
TotalPageFile size 28036M (AvailPageFile size 245M)
current process WorkingSet (physical memory assigned to process): 12M, peak: 12M
current process commit charge ("private bytes"): 59M, peak: 305M

vm_info: Java HotSpot(TM) 64-Bit Server VM (17.0.11+7-LTS-207) for windows-amd64 JRE (17.0.11+7-LTS-207), built on Mar 11 2024 19:01:50 by "mach5one" with MS VC++ 17.6 (VS2022)

END.
